[INFO ]:{loaded config/DAOConfig.xml from resource},[2013-04-19 14:52:02,373],[main],[com.beetle.framework.AppContext.loadXmlFile(AppContext.java:68)]
[INFO ]:{loaded config/DAOConfig.xml from resource},[2013-04-19 14:54:17,160],[main],[com.beetle.framework.AppContext.loadXmlFile(AppContext.java:68)]
[INFO ]:{loaded config/ServiceConfig.xml from resource},[2013-04-19 14:54:17,169],[main],[com.beetle.framework.AppContext.loadXmlFile(AppContext.java:68)]
[WARN ]:{no protocol: config/AOPConfig.xml},[2013-04-19 14:54:17,170],[main],[com.beetle.framework.AppContext.loadXmlFile(AppContext.java:71)]
[INFO ]:{from jar:[sun.misc.Launcher$AppClassLoader@19821f]},[2013-04-19 14:54:17,608],[main],[com.beetle.framework.persistence.access.DBConfig.readeConfig(DBConfig.java:172)]
[DEBUG]:{SYSDATASOURCE_DEFAULT's[use-mode]:2},[2013-04-19 14:54:17,609],[main],[com.beetle.framework.persistence.access.ConnectionFactory.getConncetion_(ConnectionFactory.java:149)]
[DEBUG]:{==create new connention:SYSDATASOURCE_DEFAULT},[2013-04-19 14:54:17,609],[main],[com.beetle.framework.persistence.access.ConnectionFactory.getConncetion_(ConnectionFactory.java:150)]
[INFO ]:{SYSDATASOURCE_DEFAULT's com.beetle.framework.persistence.access.datasource.TomcatJdbcPool Started!},[2013-04-19 14:54:22,645],[main],[com.beetle.framework.persistence.access.ConnectionFactory.getOtherPool(ConnectionFactory.java:292)]
[DEBUG]:{filedSet:[BIRTHDAY, SEX, PASSWD, EMAIL, USERNAME, USERID]},[2013-04-19 14:54:23,515],[main],[com.beetle.framework.persistence.access.operator.TableOperator.init(TableOperator.java:117)]
[DEBUG]:{primaryKeyName:USERID},[2013-04-19 14:54:23,515],[main],[com.beetle.framework.persistence.access.operator.TableOperator.init(TableOperator.java:118)]
[INFO ]:{xx_user-->inited!},[2013-04-19 14:54:23,516],[main],[com.beetle.framework.persistence.access.operator.TableOperator.init(TableOperator.java:119)]
[INFO ]:{from jar:[sun.misc.Launcher$AppClassLoader@19821f]},[2013-04-19 14:54:23,541],[main],[com.beetle.framework.persistence.access.DBConfig.readeConfig(DBConfig.java:172)]
[DEBUG]:{SYSDATASOURCE_DEFAULT's[use-mode]:2},[2013-04-19 14:54:23,545],[main],[com.beetle.framework.persistence.access.ConnectionFactory.getConncetion_(ConnectionFactory.java:149)]
[DEBUG]:{==create new connention:SYSDATASOURCE_DEFAULT},[2013-04-19 14:54:23,545],[main],[com.beetle.framework.persistence.access.ConnectionFactory.getConncetion_(ConnectionFactory.java:150)]
[DEBUG]:{sql:SELECT BIRTHDAY, SEX, PASSWD, EMAIL, USERNAME, USERID FROM xx_user ORDER BY userid desc limit 0,20},[2013-04-19 14:54:23,546],[main],[com.beetle.framework.persistence.pagination.imp.MysqlPaginationImp.page(MysqlPaginationImp.java:140)]
[DEBUG]:{sql:[SELECT BIRTHDAY, SEX, PASSWD, EMAIL, USERNAME, USERID FROM xx_user ORDER BY userid desc limit 0,20]},[2013-04-19 14:54:23,547],[main],[com.beetle.framework.persistence.access.operator.BaseOperator.access(BaseOperator.java:69)]
[DEBUG]:{rowcount:1},[2013-04-19 14:54:23,690],[main],[com.beetle.framework.persistence.access.operator.QueryOperator.doAccess(QueryOperator.java:95)]
[DEBUG]:{sql:[select count(*) from (SELECT BIRTHDAY, SEX, PASSWD, EMAIL, USERNAME, USERID FROM xx_user ORDER BY userid desc) c_t]},[2013-04-19 14:54:23,691],[main],[com.beetle.framework.persistence.access.operator.BaseOperator.access(BaseOperator.java:69)]
[DEBUG]:{rowcount:1},[2013-04-19 14:54:24,259],[main],[com.beetle.framework.persistence.access.operator.QueryOperator.doAccess(QueryOperator.java:95)]
[DEBUG]:{amount:1},[2013-04-19 14:54:24,261],[main],[com.beetle.framework.persistence.pagination.imp.MysqlPaginationImp.caleAmount(MysqlPaginationImp.java:100)]
[DEBUG]:{==Page Info===},[2013-04-19 14:54:24,262],[main],[com.beetle.framework.persistence.pagination.imp.MysqlPaginationImp.page(MysqlPaginationImp.java:156)]
[DEBUG]:{curPageNumber:1},[2013-04-19 14:54:24,262],[main],[com.beetle.framework.persistence.pagination.imp.MysqlPaginationImp.page(MysqlPaginationImp.java:157)]
[DEBUG]:{nextPageNumber:1},[2013-04-19 14:54:24,262],[main],[com.beetle.framework.persistence.pagination.imp.MysqlPaginationImp.page(MysqlPaginationImp.java:158)]
[DEBUG]:{prePageNumber:1},[2013-04-19 14:54:24,262],[main],[com.beetle.framework.persistence.pagination.imp.MysqlPaginationImp.page(MysqlPaginationImp.java:159)]
[DEBUG]:{pageAmount:1},[2013-04-19 14:54:24,263],[main],[com.beetle.framework.persistence.pagination.imp.MysqlPaginationImp.page(MysqlPaginationImp.java:160)]
[DEBUG]:{curPos:0},[2013-04-19 14:54:24,263],[main],[com.beetle.framework.persistence.pagination.imp.MysqlPaginationImp.page(MysqlPaginationImp.java:161)]
[DEBUG]:{curPageSize:1},[2013-04-19 14:54:24,263],[main],[com.beetle.framework.persistence.pagination.imp.MysqlPaginationImp.page(MysqlPaginationImp.java:162)]
[DEBUG]:{recordAmount:1},[2013-04-19 14:54:24,263],[main],[com.beetle.framework.persistence.pagination.imp.MysqlPaginationImp.page(MysqlPaginationImp.java:163)]
[INFO ]:{loaded config/DAOConfig.xml from resource},[2013-04-19 14:56:04,500],[main],[com.beetle.framework.AppContext.loadXmlFile(AppContext.java:68)]
[INFO ]:{loaded config/ServiceConfig.xml from resource},[2013-04-19 14:56:04,509],[main],[com.beetle.framework.AppContext.loadXmlFile(AppContext.java:68)]
[WARN ]:{no protocol: config/AOPConfig.xml},[2013-04-19 14:56:04,510],[main],[com.beetle.framework.AppContext.loadXmlFile(AppContext.java:71)]
[INFO ]:{from jar:[sun.misc.Launcher$AppClassLoader@19821f]},[2013-04-19 14:56:04,771],[main],[com.beetle.framework.persistence.access.DBConfig.readeConfig(DBConfig.java:172)]
[DEBUG]:{SYSDATASOURCE_DEFAULT's[use-mode]:2},[2013-04-19 14:56:04,771],[main],[com.beetle.framework.persistence.access.ConnectionFactory.getConncetion_(ConnectionFactory.java:149)]
[DEBUG]:{==create new connention:SYSDATASOURCE_DEFAULT},[2013-04-19 14:56:04,771],[main],[com.beetle.framework.persistence.access.ConnectionFactory.getConncetion_(ConnectionFactory.java:150)]
[INFO ]:{SYSDATASOURCE_DEFAULT's com.beetle.framework.persistence.access.datasource.TomcatJdbcPool Started!},[2013-04-19 14:56:05,217],[main],[com.beetle.framework.persistence.access.ConnectionFactory.getOtherPool(ConnectionFactory.java:292)]
[DEBUG]:{filedSet:[BIRTHDAY, SEX, PASSWD, EMAIL, USERNAME, USERID]},[2013-04-19 14:56:05,255],[main],[com.beetle.framework.persistence.access.operator.TableOperator.init(TableOperator.java:117)]
[DEBUG]:{primaryKeyName:USERID},[2013-04-19 14:56:05,256],[main],[com.beetle.framework.persistence.access.operator.TableOperator.init(TableOperator.java:118)]
[INFO ]:{xx_user-->inited!},[2013-04-19 14:56:05,256],[main],[com.beetle.framework.persistence.access.operator.TableOperator.init(TableOperator.java:119)]
[INFO ]:{from jar:[sun.misc.Launcher$AppClassLoader@19821f]},[2013-04-19 14:56:05,263],[main],[com.beetle.framework.persistence.access.DBConfig.readeConfig(DBConfig.java:172)]
[DEBUG]:{SYSDATASOURCE_DEFAULT's[use-mode]:2},[2013-04-19 14:56:05,266],[main],[com.beetle.framework.persistence.access.ConnectionFactory.getConncetion_(ConnectionFactory.java:149)]
[DEBUG]:{==create new connention:SYSDATASOURCE_DEFAULT},[2013-04-19 14:56:05,267],[main],[com.beetle.framework.persistence.access.ConnectionFactory.getConncetion_(ConnectionFactory.java:150)]
[DEBUG]:{sql:SELECT BIRTHDAY, SEX, PASSWD, EMAIL, USERNAME, USERID FROM xx_user ORDER BY userid desc limit 0,20},[2013-04-19 14:56:05,268],[main],[com.beetle.framework.persistence.pagination.imp.MysqlPaginationImp.page(MysqlPaginationImp.java:140)]
[DEBUG]:{sql:[SELECT BIRTHDAY, SEX, PASSWD, EMAIL, USERNAME, USERID FROM xx_user ORDER BY userid desc limit 0,20]},[2013-04-19 14:56:05,268],[main],[com.beetle.framework.persistence.access.operator.BaseOperator.access(BaseOperator.java:69)]
[DEBUG]:{rowcount:1},[2013-04-19 14:56:05,280],[main],[com.beetle.framework.persistence.access.operator.QueryOperator.doAccess(QueryOperator.java:95)]
[DEBUG]:{sql:[select count(*) from (SELECT BIRTHDAY, SEX, PASSWD, EMAIL, USERNAME, USERID FROM xx_user ORDER BY userid desc) c_t]},[2013-04-19 14:56:05,281],[main],[com.beetle.framework.persistence.access.operator.BaseOperator.access(BaseOperator.java:69)]
[DEBUG]:{rowcount:1},[2013-04-19 14:56:05,303],[main],[com.beetle.framework.persistence.access.operator.QueryOperator.doAccess(QueryOperator.java:95)]
[DEBUG]:{amount:1},[2013-04-19 14:56:05,304],[main],[com.beetle.framework.persistence.pagination.imp.MysqlPaginationImp.caleAmount(MysqlPaginationImp.java:100)]
[DEBUG]:{==Page Info===},[2013-04-19 14:56:05,305],[main],[com.beetle.framework.persistence.pagination.imp.MysqlPaginationImp.page(MysqlPaginationImp.java:156)]
[DEBUG]:{curPageNumber:1},[2013-04-19 14:56:05,305],[main],[com.beetle.framework.persistence.pagination.imp.MysqlPaginationImp.page(MysqlPaginationImp.java:157)]
[DEBUG]:{nextPageNumber:1},[2013-04-19 14:56:05,306],[main],[com.beetle.framework.persistence.pagination.imp.MysqlPaginationImp.page(MysqlPaginationImp.java:158)]
[DEBUG]:{prePageNumber:1},[2013-04-19 14:56:05,306],[main],[com.beetle.framework.persistence.pagination.imp.MysqlPaginationImp.page(MysqlPaginationImp.java:159)]
[DEBUG]:{pageAmount:1},[2013-04-19 14:56:05,306],[main],[com.beetle.framework.persistence.pagination.imp.MysqlPaginationImp.page(MysqlPaginationImp.java:160)]
[DEBUG]:{curPos:0},[2013-04-19 14:56:05,306],[main],[com.beetle.framework.persistence.pagination.imp.MysqlPaginationImp.page(MysqlPaginationImp.java:161)]
[DEBUG]:{curPageSize:1},[2013-04-19 14:56:05,306],[main],[com.beetle.framework.persistence.pagination.imp.MysqlPaginationImp.page(MysqlPaginationImp.java:162)]
[DEBUG]:{recordAmount:1},[2013-04-19 14:56:05,307],[main],[com.beetle.framework.persistence.pagination.imp.MysqlPaginationImp.page(MysqlPaginationImp.java:163)]
